<?xml version="1.0" encoding="UTF-8"?>
<testng-results skipped="0" failed="0" ignored="0" total="1" passed="1">
  <reporter-output>
  </reporter-output>
  <suite name="Default suite" duration-ms="23400" started-at="2020-07-17T11:19:36 IST" finished-at="2020-07-17T11:19:59 IST">
    <groups>
    </groups>
    <test name="Default test" duration-ms="23400" started-at="2020-07-17T11:19:36 IST" finished-at="2020-07-17T11:19:59 IST">
      <class name="testcases.PlaceOrderTest">
        <test-method status="PASS" signature="setUp()[pri:0, instance:testcases.PlaceOrderTest@6ad82709]" name="setUp" is-config="true" duration-ms="8376" started-at="2020-07-17T11:19:36 IST" finished-at="2020-07-17T11:19:44 IST">
          <reporter-output>
          </reporter-output>
        </test-method> <!-- setUp -->
        <test-method status="PASS" signature="placeOrderTest()[pri:0, instance:testcases.PlaceOrderTest@6ad82709]" name="placeOrderTest" duration-ms="14296" started-at="2020-07-17T11:19:44 IST" finished-at="2020-07-17T11:19:59 IST">
          <reporter-output>
          </reporter-output>
        </test-method> <!-- placeOrderTest -->
        <test-method status="PASS" signature="tearDown()[pri:0, instance:testcases.PlaceOrderTest@6ad82709]" name="tearDown" is-config="true" duration-ms="688" started-at="2020-07-17T11:19:59 IST" finished-at="2020-07-17T11:19:59 IST">
          <reporter-output>
          </reporter-output>
        </test-method> <!-- tearDown -->
      </class> <!-- testcases.PlaceOrderTest -->
    </test> <!-- Default test -->
  </suite> <!-- Default suite -->
</testng-results>
